TN:
SF:_tests_\setupTestDB.js
FN:6,(anonymous_0)
FN:7,(anonymous_1)
FN:14,(anonymous_2)
FN:18,(anonymous_3)
FNF:4
FNH:4
FNDA:1,(anonymous_0)
FNDA:1,(anonymous_1)
FNDA:1,(anonymous_2)
FNDA:7,(anonymous_3)
DA:4,1
DA:6,1
DA:7,1
DA:8,1
DA:14,1
DA:15,1
DA:18,1
DA:19,7
DA:20,7
DA:21,0
DA:22,0
LF:11
LH:9
BRF:0
BRH:0
end_of_record
TN:
SF:dao\userDao.js
FN:4,(anonymous_0)
FN:8,(anonymous_1)
FN:12,(anonymous_2)
FN:16,(anonymous_3)
FN:20,(anonymous_4)
FNF:5
FNH:5
FNDA:2,(anonymous_0)
FNDA:2,(anonymous_1)
FNDA:1,(anonymous_2)
FNDA:1,(anonymous_3)
FNDA:1,(anonymous_4)
DA:4,1
DA:5,2
DA:8,1
DA:9,2
DA:12,1
DA:13,1
DA:16,1
DA:17,1
DA:20,1
DA:21,1
LF:10
LH:10
BRF:0
BRH:0
end_of_record
TN:
SF:middlewares\auth.js
FN:4,(anonymous_0)
FNF:1
FNH:1
FNDA:3,(anonymous_0)
DA:4,1
DA:5,3
DA:6,3
DA:7,3
DA:8,1
DA:11,2
DA:12,1
DA:14,0
DA:15,0
DA:18,0
DA:19,0
DA:21,1
LF:12
LH:8
BRDA:7,0,0,1
BRDA:7,0,1,2
BRDA:14,1,0,0
BRDA:14,1,1,0
BRF:4
BRH:2
end_of_record
TN:
SF:models\userModel.js
FN:50,(anonymous_0)
FN:59,(anonymous_1)
FN:65,(anonymous_2)
FNF:3
FNH:0
FNDA:0,(anonymous_0)
FNDA:0,(anonymous_1)
FNDA:0,(anonymous_2)
DA:6,2
DA:50,2
DA:51,0
DA:52,0
DA:54,0
DA:59,2
DA:61,0
DA:65,2
DA:66,0
DA:71,2
LF:10
LH:5
BRDA:51,0,0,0
BRDA:51,0,1,0
BRF:2
BRH:0
end_of_record
TN:
SF:services\userService.js
FN:3,(anonymous_0)
FN:7,(anonymous_1)
FN:11,(anonymous_2)
FN:15,(anonymous_3)
FN:19,(anonymous_4)
FNF:5
FNH:5
FNDA:2,(anonymous_0)
FNDA:2,(anonymous_1)
FNDA:1,(anonymous_2)
FNDA:1,(anonymous_3)
FNDA:1,(anonymous_4)
DA:3,1
DA:4,2
DA:7,1
DA:8,2
DA:11,1
DA:12,1
DA:15,1
DA:16,1
DA:19,1
DA:20,1
LF:10
LH:10
BRF:0
BRH:0
end_of_record
